<?xml version="1.0" encoding="UTF-8"?>
<!-- Generated by org.testng.reporters.JUnitReportReporter -->
<testsuite hostname="DESKTOP-UNSLV0P" failures="0" tests="1" name="testrunners.EmployeeregTestcase" time="179.179" errors="0" timestamp="2024-09-08T13:37:56 IST" skipped="0">
  <testcase classname="testrunners.EmployeeregTestcase" name="runScenario" time="179.179"/>
</testsuite> <!-- testrunners.EmployeeregTestcase -->
